ARM GAS  C:\Users\Marcos\AppData\Local\Temp\cccdlU9F.s 			page 1


   1              		.syntax unified
   2              		.cpu cortex-m3
   3              		.fpu softvfp
   4              		.eabi_attribute 20, 1
   5              		.eabi_attribute 21, 1
   6              		.eabi_attribute 23, 3
   7              		.eabi_attribute 24, 1
   8              		.eabi_attribute 25, 1
   9              		.eabi_attribute 26, 1
  10              		.eabi_attribute 30, 1
  11              		.eabi_attribute 34, 1
  12              		.eabi_attribute 18, 4
  13              		.thumb
  14              		.syntax unified
  15              		.file	"main.c"
  16              		.text
  17              	.Ltext0:
  18              		.cfi_sections	.debug_frame
  19              		.section	.text.main,"ax",%progbits
  20              		.align	2
  21              		.global	main
  22              		.thumb
  23              		.thumb_func
  24              		.type	main, %function
  25              	main:
  26              	.LFB63:
  27              		.file 1 "main.c"
   1:main.c        **** /* ========================================
   2:main.c        ****  *
   3:main.c        ****  * Copyright YOUR COMPANY, THE YEAR
   4:main.c        ****  * All Rights Reserved
   5:main.c        ****  * UNPUBLISHED, LICENSED SOFTWARE.
   6:main.c        ****  *
   7:main.c        ****  * CONFIDENTIAL AND PROPRIETARY INFORMATION
   8:main.c        ****  * WHICH IS THE PROPERTY OF your company.
   9:main.c        ****  *
  10:main.c        ****  * ========================================
  11:main.c        **** */
  12:main.c        **** #include "project.h"
  13:main.c        **** 
  14:main.c        **** int main(void)
  15:main.c        **** {
  28              		.loc 1 15 0
  29              		.cfi_startproc
  30              		@ Volatile: function does not return.
  31              		@ args = 0, pretend = 0, frame = 0
  32              		@ frame_needed = 0, uses_anonymous_args = 0
  33 0000 08B5     		push	{r3, lr}
  34              		.cfi_def_cfa_offset 8
  35              		.cfi_offset 3, -8
  36              		.cfi_offset 14, -4
  16:main.c        ****     CyGlobalIntEnable; /* Enable global interrupts. */
  37              		.loc 1 16 0
  38              		.syntax unified
  39              	@ 16 "main.c" 1
  40 0002 62B6     		CPSIE   i
  41              	@ 0 "" 2
ARM GAS  C:\Users\Marcos\AppData\Local\Temp\cccdlU9F.s 			page 2


  42              		.thumb
  43              		.syntax unified
  44              	.L2:
  17:main.c        **** 
  18:main.c        ****     /* Place your initialization/startup code here (e.g. MyInst_Start()) */
  19:main.c        **** 
  20:main.c        ****     for(;;)
  21:main.c        ****     {
  22:main.c        ****         if(SW_Read()){
  45              		.loc 1 22 0
  46 0004 FFF7FEFF 		bl	SW_Read
  47              	.LVL0:
  48 0008 38B1     		cbz	r0, .L3
  23:main.c        ****         LED_Write(0);
  49              		.loc 1 23 0
  50 000a 0020     		movs	r0, #0
  51 000c FFF7FEFF 		bl	LED_Write
  52              	.LVL1:
  24:main.c        ****         CyDelay (500);
  53              		.loc 1 24 0
  54 0010 4FF4FA70 		mov	r0, #500
  55 0014 FFF7FEFF 		bl	CyDelay
  56              	.LVL2:
  57 0018 F4E7     		b	.L2
  58              	.L3:
  25:main.c        ****         }
  26:main.c        ****         else {
  27:main.c        ****         LED_Write(1);
  59              		.loc 1 27 0
  60 001a 0120     		movs	r0, #1
  61 001c FFF7FEFF 		bl	LED_Write
  62              	.LVL3:
  28:main.c        ****         CyDelay (500);}
  63              		.loc 1 28 0
  64 0020 4FF4FA70 		mov	r0, #500
  65 0024 FFF7FEFF 		bl	CyDelay
  66              	.LVL4:
  67 0028 ECE7     		b	.L2
  68              		.cfi_endproc
  69              	.LFE63:
  70              		.size	main, .-main
  71 002a 00BF     		.text
  72              	.Letext0:
  73              		.file 2 "c:\\program files (x86)\\cypress\\psoc creator\\4.2\\psoc creator\\import\\gnu\\arm\\5.4.
  74              		.file 3 "c:\\program files (x86)\\cypress\\psoc creator\\4.2\\psoc creator\\import\\gnu\\arm\\5.4.
  75              		.file 4 "Generated_Source\\PSoC5/SW.h"
  76              		.file 5 "Generated_Source\\PSoC5/LED.h"
  77              		.file 6 "Generated_Source\\PSoC5/CyLib.h"
  78              		.file 7 "Generated_Source\\PSoC5/core_cm3.h"
  79              		.section	.debug_info,"",%progbits
  80              	.Ldebug_info0:
  81 0000 42010000 		.4byte	0x142
  82 0004 0400     		.2byte	0x4
  83 0006 00000000 		.4byte	.Ldebug_abbrev0
  84 000a 04       		.byte	0x4
  85 000b 01       		.uleb128 0x1
  86 000c 3A000000 		.4byte	.LASF19
ARM GAS  C:\Users\Marcos\AppData\Local\Temp\cccdlU9F.s 			page 3


  87 0010 0C       		.byte	0xc
  88 0011 2E000000 		.4byte	.LASF20
  89 0015 6D010000 		.4byte	.LASF21
  90 0019 00000000 		.4byte	.Ldebug_ranges0+0
  91 001d 00000000 		.4byte	0
  92 0021 00000000 		.4byte	.Ldebug_line0
  93 0025 02       		.uleb128 0x2
  94 0026 01       		.byte	0x1
  95 0027 06       		.byte	0x6
  96 0028 3B010000 		.4byte	.LASF0
  97 002c 02       		.uleb128 0x2
  98 002d 01       		.byte	0x1
  99 002e 08       		.byte	0x8
 100 002f 03010000 		.4byte	.LASF1
 101 0033 02       		.uleb128 0x2
 102 0034 02       		.byte	0x2
 103 0035 05       		.byte	0x5
 104 0036 63010000 		.4byte	.LASF2
 105 003a 02       		.uleb128 0x2
 106 003b 02       		.byte	0x2
 107 003c 07       		.byte	0x7
 108 003d 0E000000 		.4byte	.LASF3
 109 0041 03       		.uleb128 0x3
 110 0042 53010000 		.4byte	.LASF9
 111 0046 02       		.byte	0x2
 112 0047 3F       		.byte	0x3f
 113 0048 4C000000 		.4byte	0x4c
 114 004c 02       		.uleb128 0x2
 115 004d 04       		.byte	0x4
 116 004e 05       		.byte	0x5
 117 004f 16010000 		.4byte	.LASF4
 118 0053 02       		.uleb128 0x2
 119 0054 04       		.byte	0x4
 120 0055 07       		.byte	0x7
 121 0056 DA000000 		.4byte	.LASF5
 122 005a 02       		.uleb128 0x2
 123 005b 08       		.byte	0x8
 124 005c 05       		.byte	0x5
 125 005d 00000000 		.4byte	.LASF6
 126 0061 02       		.uleb128 0x2
 127 0062 08       		.byte	0x8
 128 0063 07       		.byte	0x7
 129 0064 EC000000 		.4byte	.LASF7
 130 0068 04       		.uleb128 0x4
 131 0069 04       		.byte	0x4
 132 006a 05       		.byte	0x5
 133 006b 696E7400 		.ascii	"int\000"
 134 006f 02       		.uleb128 0x2
 135 0070 04       		.byte	0x4
 136 0071 07       		.byte	0x7
 137 0072 21000000 		.4byte	.LASF8
 138 0076 03       		.uleb128 0x3
 139 0077 1F010000 		.4byte	.LASF10
 140 007b 03       		.byte	0x3
 141 007c 2C       		.byte	0x2c
 142 007d 41000000 		.4byte	0x41
 143 0081 02       		.uleb128 0x2
ARM GAS  C:\Users\Marcos\AppData\Local\Temp\cccdlU9F.s 			page 4


 144 0082 04       		.byte	0x4
 145 0083 04       		.byte	0x4
 146 0084 5D010000 		.4byte	.LASF11
 147 0088 02       		.uleb128 0x2
 148 0089 08       		.byte	0x8
 149 008a 04       		.byte	0x4
 150 008b 27010000 		.4byte	.LASF12
 151 008f 02       		.uleb128 0x2
 152 0090 01       		.byte	0x1
 153 0091 08       		.byte	0x8
 154 0092 11010000 		.4byte	.LASF13
 155 0096 02       		.uleb128 0x2
 156 0097 04       		.byte	0x4
 157 0098 07       		.byte	0x7
 158 0099 B3010000 		.4byte	.LASF14
 159 009d 02       		.uleb128 0x2
 160 009e 08       		.byte	0x8
 161 009f 04       		.byte	0x4
 162 00a0 47010000 		.4byte	.LASF15
 163 00a4 05       		.uleb128 0x5
 164 00a5 35000000 		.4byte	.LASF22
 165 00a9 01       		.byte	0x1
 166 00aa 0E       		.byte	0xe
 167 00ab 68000000 		.4byte	0x68
 168 00af 00000000 		.4byte	.LFB63
 169 00b3 2A000000 		.4byte	.LFE63-.LFB63
 170 00b7 01       		.uleb128 0x1
 171 00b8 9C       		.byte	0x9c
 172 00b9 13010000 		.4byte	0x113
 173 00bd 06       		.uleb128 0x6
 174 00be 08000000 		.4byte	.LVL0
 175 00c2 24010000 		.4byte	0x124
 176 00c6 07       		.uleb128 0x7
 177 00c7 10000000 		.4byte	.LVL1
 178 00cb 2F010000 		.4byte	0x12f
 179 00cf D9000000 		.4byte	0xd9
 180 00d3 08       		.uleb128 0x8
 181 00d4 01       		.uleb128 0x1
 182 00d5 50       		.byte	0x50
 183 00d6 01       		.uleb128 0x1
 184 00d7 30       		.byte	0x30
 185 00d8 00       		.byte	0
 186 00d9 07       		.uleb128 0x7
 187 00da 18000000 		.4byte	.LVL2
 188 00de 3A010000 		.4byte	0x13a
 189 00e2 EE000000 		.4byte	0xee
 190 00e6 08       		.uleb128 0x8
 191 00e7 01       		.uleb128 0x1
 192 00e8 50       		.byte	0x50
 193 00e9 03       		.uleb128 0x3
 194 00ea 0A       		.byte	0xa
 195 00eb F401     		.2byte	0x1f4
 196 00ed 00       		.byte	0
 197 00ee 07       		.uleb128 0x7
 198 00ef 20000000 		.4byte	.LVL3
 199 00f3 2F010000 		.4byte	0x12f
 200 00f7 01010000 		.4byte	0x101
ARM GAS  C:\Users\Marcos\AppData\Local\Temp\cccdlU9F.s 			page 5


 201 00fb 08       		.uleb128 0x8
 202 00fc 01       		.uleb128 0x1
 203 00fd 50       		.byte	0x50
 204 00fe 01       		.uleb128 0x1
 205 00ff 31       		.byte	0x31
 206 0100 00       		.byte	0
 207 0101 09       		.uleb128 0x9
 208 0102 28000000 		.4byte	.LVL4
 209 0106 3A010000 		.4byte	0x13a
 210 010a 08       		.uleb128 0x8
 211 010b 01       		.uleb128 0x1
 212 010c 50       		.byte	0x50
 213 010d 03       		.uleb128 0x3
 214 010e 0A       		.byte	0xa
 215 010f F401     		.2byte	0x1f4
 216 0111 00       		.byte	0
 217 0112 00       		.byte	0
 218 0113 0A       		.uleb128 0xa
 219 0114 2E010000 		.4byte	.LASF23
 220 0118 07       		.byte	0x7
 221 0119 1207     		.2byte	0x712
 222 011b 1F010000 		.4byte	0x11f
 223 011f 0B       		.uleb128 0xb
 224 0120 76000000 		.4byte	0x76
 225 0124 0C       		.uleb128 0xc
 226 0125 BC010000 		.4byte	.LASF16
 227 0129 BC010000 		.4byte	.LASF16
 228 012d 04       		.byte	0x4
 229 012e 29       		.byte	0x29
 230 012f 0C       		.uleb128 0xc
 231 0130 D0000000 		.4byte	.LASF17
 232 0134 D0000000 		.4byte	.LASF17
 233 0138 05       		.byte	0x5
 234 0139 26       		.byte	0x26
 235 013a 0C       		.uleb128 0xc
 236 013b C8000000 		.4byte	.LASF18
 237 013f C8000000 		.4byte	.LASF18
 238 0143 06       		.byte	0x6
 239 0144 76       		.byte	0x76
 240 0145 00       		.byte	0
 241              		.section	.debug_abbrev,"",%progbits
 242              	.Ldebug_abbrev0:
 243 0000 01       		.uleb128 0x1
 244 0001 11       		.uleb128 0x11
 245 0002 01       		.byte	0x1
 246 0003 25       		.uleb128 0x25
 247 0004 0E       		.uleb128 0xe
 248 0005 13       		.uleb128 0x13
 249 0006 0B       		.uleb128 0xb
 250 0007 03       		.uleb128 0x3
 251 0008 0E       		.uleb128 0xe
 252 0009 1B       		.uleb128 0x1b
 253 000a 0E       		.uleb128 0xe
 254 000b 55       		.uleb128 0x55
 255 000c 17       		.uleb128 0x17
 256 000d 11       		.uleb128 0x11
 257 000e 01       		.uleb128 0x1
ARM GAS  C:\Users\Marcos\AppData\Local\Temp\cccdlU9F.s 			page 6


 258 000f 10       		.uleb128 0x10
 259 0010 17       		.uleb128 0x17
 260 0011 00       		.byte	0
 261 0012 00       		.byte	0
 262 0013 02       		.uleb128 0x2
 263 0014 24       		.uleb128 0x24
 264 0015 00       		.byte	0
 265 0016 0B       		.uleb128 0xb
 266 0017 0B       		.uleb128 0xb
 267 0018 3E       		.uleb128 0x3e
 268 0019 0B       		.uleb128 0xb
 269 001a 03       		.uleb128 0x3
 270 001b 0E       		.uleb128 0xe
 271 001c 00       		.byte	0
 272 001d 00       		.byte	0
 273 001e 03       		.uleb128 0x3
 274 001f 16       		.uleb128 0x16
 275 0020 00       		.byte	0
 276 0021 03       		.uleb128 0x3
 277 0022 0E       		.uleb128 0xe
 278 0023 3A       		.uleb128 0x3a
 279 0024 0B       		.uleb128 0xb
 280 0025 3B       		.uleb128 0x3b
 281 0026 0B       		.uleb128 0xb
 282 0027 49       		.uleb128 0x49
 283 0028 13       		.uleb128 0x13
 284 0029 00       		.byte	0
 285 002a 00       		.byte	0
 286 002b 04       		.uleb128 0x4
 287 002c 24       		.uleb128 0x24
 288 002d 00       		.byte	0
 289 002e 0B       		.uleb128 0xb
 290 002f 0B       		.uleb128 0xb
 291 0030 3E       		.uleb128 0x3e
 292 0031 0B       		.uleb128 0xb
 293 0032 03       		.uleb128 0x3
 294 0033 08       		.uleb128 0x8
 295 0034 00       		.byte	0
 296 0035 00       		.byte	0
 297 0036 05       		.uleb128 0x5
 298 0037 2E       		.uleb128 0x2e
 299 0038 01       		.byte	0x1
 300 0039 3F       		.uleb128 0x3f
 301 003a 19       		.uleb128 0x19
 302 003b 03       		.uleb128 0x3
 303 003c 0E       		.uleb128 0xe
 304 003d 3A       		.uleb128 0x3a
 305 003e 0B       		.uleb128 0xb
 306 003f 3B       		.uleb128 0x3b
 307 0040 0B       		.uleb128 0xb
 308 0041 27       		.uleb128 0x27
 309 0042 19       		.uleb128 0x19
 310 0043 49       		.uleb128 0x49
 311 0044 13       		.uleb128 0x13
 312 0045 8701     		.uleb128 0x87
 313 0047 19       		.uleb128 0x19
 314 0048 11       		.uleb128 0x11
ARM GAS  C:\Users\Marcos\AppData\Local\Temp\cccdlU9F.s 			page 7


 315 0049 01       		.uleb128 0x1
 316 004a 12       		.uleb128 0x12
 317 004b 06       		.uleb128 0x6
 318 004c 40       		.uleb128 0x40
 319 004d 18       		.uleb128 0x18
 320 004e 9742     		.uleb128 0x2117
 321 0050 19       		.uleb128 0x19
 322 0051 01       		.uleb128 0x1
 323 0052 13       		.uleb128 0x13
 324 0053 00       		.byte	0
 325 0054 00       		.byte	0
 326 0055 06       		.uleb128 0x6
 327 0056 898201   		.uleb128 0x4109
 328 0059 00       		.byte	0
 329 005a 11       		.uleb128 0x11
 330 005b 01       		.uleb128 0x1
 331 005c 31       		.uleb128 0x31
 332 005d 13       		.uleb128 0x13
 333 005e 00       		.byte	0
 334 005f 00       		.byte	0
 335 0060 07       		.uleb128 0x7
 336 0061 898201   		.uleb128 0x4109
 337 0064 01       		.byte	0x1
 338 0065 11       		.uleb128 0x11
 339 0066 01       		.uleb128 0x1
 340 0067 31       		.uleb128 0x31
 341 0068 13       		.uleb128 0x13
 342 0069 01       		.uleb128 0x1
 343 006a 13       		.uleb128 0x13
 344 006b 00       		.byte	0
 345 006c 00       		.byte	0
 346 006d 08       		.uleb128 0x8
 347 006e 8A8201   		.uleb128 0x410a
 348 0071 00       		.byte	0
 349 0072 02       		.uleb128 0x2
 350 0073 18       		.uleb128 0x18
 351 0074 9142     		.uleb128 0x2111
 352 0076 18       		.uleb128 0x18
 353 0077 00       		.byte	0
 354 0078 00       		.byte	0
 355 0079 09       		.uleb128 0x9
 356 007a 898201   		.uleb128 0x4109
 357 007d 01       		.byte	0x1
 358 007e 11       		.uleb128 0x11
 359 007f 01       		.uleb128 0x1
 360 0080 31       		.uleb128 0x31
 361 0081 13       		.uleb128 0x13
 362 0082 00       		.byte	0
 363 0083 00       		.byte	0
 364 0084 0A       		.uleb128 0xa
 365 0085 34       		.uleb128 0x34
 366 0086 00       		.byte	0
 367 0087 03       		.uleb128 0x3
 368 0088 0E       		.uleb128 0xe
 369 0089 3A       		.uleb128 0x3a
 370 008a 0B       		.uleb128 0xb
 371 008b 3B       		.uleb128 0x3b
ARM GAS  C:\Users\Marcos\AppData\Local\Temp\cccdlU9F.s 			page 8


 372 008c 05       		.uleb128 0x5
 373 008d 49       		.uleb128 0x49
 374 008e 13       		.uleb128 0x13
 375 008f 3F       		.uleb128 0x3f
 376 0090 19       		.uleb128 0x19
 377 0091 3C       		.uleb128 0x3c
 378 0092 19       		.uleb128 0x19
 379 0093 00       		.byte	0
 380 0094 00       		.byte	0
 381 0095 0B       		.uleb128 0xb
 382 0096 35       		.uleb128 0x35
 383 0097 00       		.byte	0
 384 0098 49       		.uleb128 0x49
 385 0099 13       		.uleb128 0x13
 386 009a 00       		.byte	0
 387 009b 00       		.byte	0
 388 009c 0C       		.uleb128 0xc
 389 009d 2E       		.uleb128 0x2e
 390 009e 00       		.byte	0
 391 009f 3F       		.uleb128 0x3f
 392 00a0 19       		.uleb128 0x19
 393 00a1 3C       		.uleb128 0x3c
 394 00a2 19       		.uleb128 0x19
 395 00a3 6E       		.uleb128 0x6e
 396 00a4 0E       		.uleb128 0xe
 397 00a5 03       		.uleb128 0x3
 398 00a6 0E       		.uleb128 0xe
 399 00a7 3A       		.uleb128 0x3a
 400 00a8 0B       		.uleb128 0xb
 401 00a9 3B       		.uleb128 0x3b
 402 00aa 0B       		.uleb128 0xb
 403 00ab 00       		.byte	0
 404 00ac 00       		.byte	0
 405 00ad 00       		.byte	0
 406              		.section	.debug_aranges,"",%progbits
 407 0000 1C000000 		.4byte	0x1c
 408 0004 0200     		.2byte	0x2
 409 0006 00000000 		.4byte	.Ldebug_info0
 410 000a 04       		.byte	0x4
 411 000b 00       		.byte	0
 412 000c 0000     		.2byte	0
 413 000e 0000     		.2byte	0
 414 0010 00000000 		.4byte	.LFB63
 415 0014 2A000000 		.4byte	.LFE63-.LFB63
 416 0018 00000000 		.4byte	0
 417 001c 00000000 		.4byte	0
 418              		.section	.debug_ranges,"",%progbits
 419              	.Ldebug_ranges0:
 420 0000 00000000 		.4byte	.LFB63
 421 0004 2A000000 		.4byte	.LFE63
 422 0008 00000000 		.4byte	0
 423 000c 00000000 		.4byte	0
 424              		.section	.debug_line,"",%progbits
 425              	.Ldebug_line0:
 426 0000 76010000 		.section	.debug_str,"MS",%progbits,1
 426      02005B01 
 426      00000201 
ARM GAS  C:\Users\Marcos\AppData\Local\Temp\cccdlU9F.s 			page 9


 426      FB0E0D00 
 426      01010101 
 427              	.LASF6:
 428 0000 6C6F6E67 		.ascii	"long long int\000"
 428      206C6F6E 
 428      6720696E 
 428      7400
 429              	.LASF3:
 430 000e 73686F72 		.ascii	"short unsigned int\000"
 430      7420756E 
 430      7369676E 
 430      65642069 
 430      6E7400
 431              	.LASF8:
 432 0021 756E7369 		.ascii	"unsigned int\000"
 432      676E6564 
 432      20696E74 
 432      00
 433              	.LASF20:
 434 002e 6D61696E 		.ascii	"main.c\000"
 434      2E6300
 435              	.LASF22:
 436 0035 6D61696E 		.ascii	"main\000"
 436      00
 437              	.LASF19:
 438 003a 474E5520 		.ascii	"GNU C11 5.4.1 20160609 (release) [ARM/embedded-5-br"
 438      43313120 
 438      352E342E 
 438      31203230 
 438      31363036 
 439 006d 616E6368 		.ascii	"anch revision 237715] -mcpu=cortex-m3 -mthumb -g -O"
 439      20726576 
 439      6973696F 
 439      6E203233 
 439      37373135 
 440 00a0 67202D66 		.ascii	"g -ffunction-sections -ffat-lto-objects\000"
 440      66756E63 
 440      74696F6E 
 440      2D736563 
 440      74696F6E 
 441              	.LASF18:
 442 00c8 43794465 		.ascii	"CyDelay\000"
 442      6C617900 
 443              	.LASF17:
 444 00d0 4C45445F 		.ascii	"LED_Write\000"
 444      57726974 
 444      6500
 445              	.LASF5:
 446 00da 6C6F6E67 		.ascii	"long unsigned int\000"
 446      20756E73 
 446      69676E65 
 446      6420696E 
 446      7400
 447              	.LASF7:
 448 00ec 6C6F6E67 		.ascii	"long long unsigned int\000"
 448      206C6F6E 
 448      6720756E 
ARM GAS  C:\Users\Marcos\AppData\Local\Temp\cccdlU9F.s 			page 10


 448      7369676E 
 448      65642069 
 449              	.LASF1:
 450 0103 756E7369 		.ascii	"unsigned char\000"
 450      676E6564 
 450      20636861 
 450      7200
 451              	.LASF13:
 452 0111 63686172 		.ascii	"char\000"
 452      00
 453              	.LASF4:
 454 0116 6C6F6E67 		.ascii	"long int\000"
 454      20696E74 
 454      00
 455              	.LASF10:
 456 011f 696E7433 		.ascii	"int32_t\000"
 456      325F7400 
 457              	.LASF12:
 458 0127 646F7562 		.ascii	"double\000"
 458      6C6500
 459              	.LASF23:
 460 012e 49544D5F 		.ascii	"ITM_RxBuffer\000"
 460      52784275 
 460      66666572 
 460      00
 461              	.LASF0:
 462 013b 7369676E 		.ascii	"signed char\000"
 462      65642063 
 462      68617200 
 463              	.LASF15:
 464 0147 6C6F6E67 		.ascii	"long double\000"
 464      20646F75 
 464      626C6500 
 465              	.LASF9:
 466 0153 5F5F696E 		.ascii	"__int32_t\000"
 466      7433325F 
 466      7400
 467              	.LASF11:
 468 015d 666C6F61 		.ascii	"float\000"
 468      7400
 469              	.LASF2:
 470 0163 73686F72 		.ascii	"short int\000"
 470      7420696E 
 470      7400
 471              	.LASF21:
 472 016d 433A5C55 		.ascii	"C:\\Users\\Marcos\\Documents\\PSoCCreator\\5lp\\02_"
 472      73657273 
 472      5C4D6172 
 472      636F735C 
 472      446F6375 
 473 019a 70726F67 		.ascii	"progamacion_de_pin.cydsn\000"
 473      616D6163 
 473      696F6E5F 
 473      64655F70 
 473      696E2E63 
 474              	.LASF14:
 475 01b3 73697A65 		.ascii	"sizetype\000"
ARM GAS  C:\Users\Marcos\AppData\Local\Temp\cccdlU9F.s 			page 11


 475      74797065 
 475      00
 476              	.LASF16:
 477 01bc 53575F52 		.ascii	"SW_Read\000"
 477      65616400 
 478              		.ident	"GCC: (GNU Tools for ARM Embedded Processors) 5.4.1 20160609 (release) [ARM/embedded-5-bran
