ARM GAS  C:\Users\acer\AppData\Local\Temp\cc6TCYAa.s 			page 1


   1              		.syntax unified
   2              		.cpu cortex-m3
   3              		.fpu softvfp
   4              		.eabi_attribute 20, 1
   5              		.eabi_attribute 21, 1
   6              		.eabi_attribute 23, 3
   7              		.eabi_attribute 24, 1
   8              		.eabi_attribute 25, 1
   9              		.eabi_attribute 26, 1
  10              		.eabi_attribute 30, 1
  11              		.eabi_attribute 34, 1
  12              		.eabi_attribute 18, 4
  13              		.thumb
  14              		.syntax unified
  15              		.file	"main.c"
  16              		.text
  17              	.Ltext0:
  18              		.cfi_sections	.debug_frame
  19              		.section	.text.Interruptor,"ax",%progbits
  20              		.align	2
  21              		.global	Interruptor
  22              		.thumb
  23              		.thumb_func
  24              		.type	Interruptor, %function
  25              	Interruptor:
  26              	.LFB63:
  27              		.file 1 "main.c"
   1:main.c        **** /* ========================================
   2:main.c        ****  *
   3:main.c        ****  * Copyright YOUR COMPANY, THE YEAR
   4:main.c        ****  * All Rights Reserved
   5:main.c        ****  * UNPUBLISHED, LICENSED SOFTWARE.
   6:main.c        ****  *
   7:main.c        ****  * CONFIDENTIAL AND PROPRIETARY INFORMATION
   8:main.c        ****  * WHICH IS THE PROPERTY OF your company.
   9:main.c        ****  *
  10:main.c        ****  * ========================================
  11:main.c        **** */
  12:main.c        **** #include "project.h"
  13:main.c        **** 
  14:main.c        **** CY_ISR(Interruptor)
  15:main.c        **** {
  28              		.loc 1 15 0
  29              		.cfi_startproc
  30              		@ args = 0, pretend = 0, frame = 0
  31              		@ frame_needed = 0, uses_anonymous_args = 0
  32 0000 08B5     		push	{r3, lr}
  33              		.cfi_def_cfa_offset 8
  34              		.cfi_offset 3, -8
  35              		.cfi_offset 14, -4
  16:main.c        ****     Led_0_Write(Led_0_Read());
  36              		.loc 1 16 0
  37 0002 FFF7FEFF 		bl	Led_0_Read
  38              	.LVL0:
  39 0006 FFF7FEFF 		bl	Led_0_Write
  40              	.LVL1:
  17:main.c        ****     Sw_ClearInterrupt();
ARM GAS  C:\Users\acer\AppData\Local\Temp\cc6TCYAa.s 			page 2


  41              		.loc 1 17 0
  42 000a FFF7FEFF 		bl	Sw_ClearInterrupt
  43              	.LVL2:
  44 000e 08BD     		pop	{r3, pc}
  45              		.cfi_endproc
  46              	.LFE63:
  47              		.size	Interruptor, .-Interruptor
  48              		.section	.text.main,"ax",%progbits
  49              		.align	2
  50              		.global	main
  51              		.thumb
  52              		.thumb_func
  53              		.type	main, %function
  54              	main:
  55              	.LFB64:
  18:main.c        **** 
  19:main.c        **** 
  20:main.c        **** 
  21:main.c        **** }
  22:main.c        ****     
  23:main.c        **** int main(void)
  24:main.c        **** {
  56              		.loc 1 24 0
  57              		.cfi_startproc
  58              		@ Volatile: function does not return.
  59              		@ args = 0, pretend = 0, frame = 0
  60              		@ frame_needed = 0, uses_anonymous_args = 0
  61 0000 08B5     		push	{r3, lr}
  62              		.cfi_def_cfa_offset 8
  63              		.cfi_offset 3, -8
  64              		.cfi_offset 14, -4
  25:main.c        ****     CyGlobalIntEnable; /* Enable global interrupts. */
  65              		.loc 1 25 0
  66              		.syntax unified
  67              	@ 25 "main.c" 1
  68 0002 62B6     		CPSIE   i
  69              	@ 0 "" 2
  26:main.c        **** 
  27:main.c        ****     
  28:main.c        ****     ISR_Sw_StartEx(Interruptor);
  70              		.loc 1 28 0
  71              		.thumb
  72              		.syntax unified
  73 0004 0148     		ldr	r0, .L6
  74 0006 FFF7FEFF 		bl	ISR_Sw_StartEx
  75              	.LVL3:
  76              	.L4:
  77 000a FEE7     		b	.L4
  78              	.L7:
  79              		.align	2
  80              	.L6:
  81 000c 00000000 		.word	Interruptor
  82              		.cfi_endproc
  83              	.LFE64:
  84              		.size	main, .-main
  85              		.text
  86              	.Letext0:
ARM GAS  C:\Users\acer\AppData\Local\Temp\cc6TCYAa.s 			page 3


  87              		.file 2 "c:\\program files (x86)\\cypress\\psoc creator\\4.2\\psoc creator\\import\\gnu\\arm\\5.4.
  88              		.file 3 "c:\\program files (x86)\\cypress\\psoc creator\\4.2\\psoc creator\\import\\gnu\\arm\\5.4.
  89              		.file 4 "Generated_Source\\PSoC5/Led_0.h"
  90              		.file 5 "Generated_Source\\PSoC5/Sw.h"
  91              		.file 6 "Generated_Source\\PSoC5/ISR_Sw.h"
  92              		.file 7 "Generated_Source\\PSoC5/core_cm3.h"
  93              		.section	.debug_info,"",%progbits
  94              	.Ldebug_info0:
  95 0000 3C010000 		.4byte	0x13c
  96 0004 0400     		.2byte	0x4
  97 0006 00000000 		.4byte	.Ldebug_abbrev0
  98 000a 04       		.byte	0x4
  99 000b 01       		.uleb128 0x1
 100 000c 55000000 		.4byte	.LASF20
 101 0010 0C       		.byte	0xc
 102 0011 3D000000 		.4byte	.LASF21
 103 0015 0C010000 		.4byte	.LASF22
 104 0019 00000000 		.4byte	.Ldebug_ranges0+0
 105 001d 00000000 		.4byte	0
 106 0021 00000000 		.4byte	.Ldebug_line0
 107 0025 02       		.uleb128 0x2
 108 0026 01       		.byte	0x1
 109 0027 06       		.byte	0x6
 110 0028 90010000 		.4byte	.LASF0
 111 002c 02       		.uleb128 0x2
 112 002d 01       		.byte	0x1
 113 002e 08       		.byte	0x8
 114 002f 60010000 		.4byte	.LASF1
 115 0033 02       		.uleb128 0x2
 116 0034 02       		.byte	0x2
 117 0035 05       		.byte	0x5
 118 0036 CA010000 		.4byte	.LASF2
 119 003a 02       		.uleb128 0x2
 120 003b 02       		.byte	0x2
 121 003c 07       		.byte	0x7
 122 003d 0E000000 		.4byte	.LASF3
 123 0041 03       		.uleb128 0x3
 124 0042 A8010000 		.4byte	.LASF9
 125 0046 02       		.byte	0x2
 126 0047 3F       		.byte	0x3f
 127 0048 4C000000 		.4byte	0x4c
 128 004c 02       		.uleb128 0x2
 129 004d 04       		.byte	0x4
 130 004e 05       		.byte	0x5
 131 004f 73010000 		.4byte	.LASF4
 132 0053 02       		.uleb128 0x2
 133 0054 04       		.byte	0x4
 134 0055 07       		.byte	0x7
 135 0056 E3000000 		.4byte	.LASF5
 136 005a 02       		.uleb128 0x2
 137 005b 08       		.byte	0x8
 138 005c 05       		.byte	0x5
 139 005d 00000000 		.4byte	.LASF6
 140 0061 02       		.uleb128 0x2
 141 0062 08       		.byte	0x8
 142 0063 07       		.byte	0x7
 143 0064 F5000000 		.4byte	.LASF7
ARM GAS  C:\Users\acer\AppData\Local\Temp\cc6TCYAa.s 			page 4


 144 0068 04       		.uleb128 0x4
 145 0069 04       		.byte	0x4
 146 006a 05       		.byte	0x5
 147 006b 696E7400 		.ascii	"int\000"
 148 006f 02       		.uleb128 0x2
 149 0070 04       		.byte	0x4
 150 0071 07       		.byte	0x7
 151 0072 21000000 		.4byte	.LASF8
 152 0076 03       		.uleb128 0x3
 153 0077 D4010000 		.4byte	.LASF10
 154 007b 03       		.byte	0x3
 155 007c 2C       		.byte	0x2c
 156 007d 41000000 		.4byte	0x41
 157 0081 02       		.uleb128 0x2
 158 0082 04       		.byte	0x4
 159 0083 04       		.byte	0x4
 160 0084 B2010000 		.4byte	.LASF11
 161 0088 02       		.uleb128 0x2
 162 0089 08       		.byte	0x8
 163 008a 04       		.byte	0x4
 164 008b 7C010000 		.4byte	.LASF12
 165 008f 02       		.uleb128 0x2
 166 0090 01       		.byte	0x1
 167 0091 08       		.byte	0x8
 168 0092 6E010000 		.4byte	.LASF13
 169 0096 02       		.uleb128 0x2
 170 0097 04       		.byte	0x4
 171 0098 07       		.byte	0x7
 172 0099 DC010000 		.4byte	.LASF14
 173 009d 02       		.uleb128 0x2
 174 009e 08       		.byte	0x8
 175 009f 04       		.byte	0x4
 176 00a0 9C010000 		.4byte	.LASF15
 177 00a4 05       		.uleb128 0x5
 178 00a5 44000000 		.4byte	.LASF23
 179 00a9 01       		.byte	0x1
 180 00aa 0E       		.byte	0xe
 181 00ab 00000000 		.4byte	.LFB63
 182 00af 10000000 		.4byte	.LFE63-.LFB63
 183 00b3 01       		.uleb128 0x1
 184 00b4 9C       		.byte	0x9c
 185 00b5 D5000000 		.4byte	0xd5
 186 00b9 06       		.uleb128 0x6
 187 00ba 06000000 		.4byte	.LVL0
 188 00be 13010000 		.4byte	0x113
 189 00c2 06       		.uleb128 0x6
 190 00c3 0A000000 		.4byte	.LVL1
 191 00c7 1E010000 		.4byte	0x11e
 192 00cb 06       		.uleb128 0x6
 193 00cc 0E000000 		.4byte	.LVL2
 194 00d0 29010000 		.4byte	0x129
 195 00d4 00       		.byte	0
 196 00d5 07       		.uleb128 0x7
 197 00d6 50000000 		.4byte	.LASF24
 198 00da 01       		.byte	0x1
 199 00db 17       		.byte	0x17
 200 00dc 68000000 		.4byte	0x68
ARM GAS  C:\Users\acer\AppData\Local\Temp\cc6TCYAa.s 			page 5


 201 00e0 00000000 		.4byte	.LFB64
 202 00e4 10000000 		.4byte	.LFE64-.LFB64
 203 00e8 01       		.uleb128 0x1
 204 00e9 9C       		.byte	0x9c
 205 00ea 02010000 		.4byte	0x102
 206 00ee 08       		.uleb128 0x8
 207 00ef 0A000000 		.4byte	.LVL3
 208 00f3 34010000 		.4byte	0x134
 209 00f7 09       		.uleb128 0x9
 210 00f8 01       		.uleb128 0x1
 211 00f9 50       		.byte	0x50
 212 00fa 05       		.uleb128 0x5
 213 00fb 03       		.byte	0x3
 214 00fc 00000000 		.4byte	Interruptor
 215 0100 00       		.byte	0
 216 0101 00       		.byte	0
 217 0102 0A       		.uleb128 0xa
 218 0103 83010000 		.4byte	.LASF25
 219 0107 07       		.byte	0x7
 220 0108 1207     		.2byte	0x712
 221 010a 0E010000 		.4byte	0x10e
 222 010e 0B       		.uleb128 0xb
 223 010f 76000000 		.4byte	0x76
 224 0113 0C       		.uleb128 0xc
 225 0114 55010000 		.4byte	.LASF16
 226 0118 55010000 		.4byte	.LASF16
 227 011c 04       		.byte	0x4
 228 011d 29       		.byte	0x29
 229 011e 0C       		.uleb128 0xc
 230 011f E5010000 		.4byte	.LASF17
 231 0123 E5010000 		.4byte	.LASF17
 232 0127 04       		.byte	0x4
 233 0128 26       		.byte	0x26
 234 0129 0C       		.uleb128 0xc
 235 012a B8010000 		.4byte	.LASF18
 236 012e B8010000 		.4byte	.LASF18
 237 0132 05       		.byte	0x5
 238 0133 2B       		.byte	0x2b
 239 0134 0C       		.uleb128 0xc
 240 0135 2E000000 		.4byte	.LASF19
 241 0139 2E000000 		.4byte	.LASF19
 242 013d 06       		.byte	0x6
 243 013e 18       		.byte	0x18
 244 013f 00       		.byte	0
 245              		.section	.debug_abbrev,"",%progbits
 246              	.Ldebug_abbrev0:
 247 0000 01       		.uleb128 0x1
 248 0001 11       		.uleb128 0x11
 249 0002 01       		.byte	0x1
 250 0003 25       		.uleb128 0x25
 251 0004 0E       		.uleb128 0xe
 252 0005 13       		.uleb128 0x13
 253 0006 0B       		.uleb128 0xb
 254 0007 03       		.uleb128 0x3
 255 0008 0E       		.uleb128 0xe
 256 0009 1B       		.uleb128 0x1b
 257 000a 0E       		.uleb128 0xe
ARM GAS  C:\Users\acer\AppData\Local\Temp\cc6TCYAa.s 			page 6


 258 000b 55       		.uleb128 0x55
 259 000c 17       		.uleb128 0x17
 260 000d 11       		.uleb128 0x11
 261 000e 01       		.uleb128 0x1
 262 000f 10       		.uleb128 0x10
 263 0010 17       		.uleb128 0x17
 264 0011 00       		.byte	0
 265 0012 00       		.byte	0
 266 0013 02       		.uleb128 0x2
 267 0014 24       		.uleb128 0x24
 268 0015 00       		.byte	0
 269 0016 0B       		.uleb128 0xb
 270 0017 0B       		.uleb128 0xb
 271 0018 3E       		.uleb128 0x3e
 272 0019 0B       		.uleb128 0xb
 273 001a 03       		.uleb128 0x3
 274 001b 0E       		.uleb128 0xe
 275 001c 00       		.byte	0
 276 001d 00       		.byte	0
 277 001e 03       		.uleb128 0x3
 278 001f 16       		.uleb128 0x16
 279 0020 00       		.byte	0
 280 0021 03       		.uleb128 0x3
 281 0022 0E       		.uleb128 0xe
 282 0023 3A       		.uleb128 0x3a
 283 0024 0B       		.uleb128 0xb
 284 0025 3B       		.uleb128 0x3b
 285 0026 0B       		.uleb128 0xb
 286 0027 49       		.uleb128 0x49
 287 0028 13       		.uleb128 0x13
 288 0029 00       		.byte	0
 289 002a 00       		.byte	0
 290 002b 04       		.uleb128 0x4
 291 002c 24       		.uleb128 0x24
 292 002d 00       		.byte	0
 293 002e 0B       		.uleb128 0xb
 294 002f 0B       		.uleb128 0xb
 295 0030 3E       		.uleb128 0x3e
 296 0031 0B       		.uleb128 0xb
 297 0032 03       		.uleb128 0x3
 298 0033 08       		.uleb128 0x8
 299 0034 00       		.byte	0
 300 0035 00       		.byte	0
 301 0036 05       		.uleb128 0x5
 302 0037 2E       		.uleb128 0x2e
 303 0038 01       		.byte	0x1
 304 0039 3F       		.uleb128 0x3f
 305 003a 19       		.uleb128 0x19
 306 003b 03       		.uleb128 0x3
 307 003c 0E       		.uleb128 0xe
 308 003d 3A       		.uleb128 0x3a
 309 003e 0B       		.uleb128 0xb
 310 003f 3B       		.uleb128 0x3b
 311 0040 0B       		.uleb128 0xb
 312 0041 27       		.uleb128 0x27
 313 0042 19       		.uleb128 0x19
 314 0043 11       		.uleb128 0x11
ARM GAS  C:\Users\acer\AppData\Local\Temp\cc6TCYAa.s 			page 7


 315 0044 01       		.uleb128 0x1
 316 0045 12       		.uleb128 0x12
 317 0046 06       		.uleb128 0x6
 318 0047 40       		.uleb128 0x40
 319 0048 18       		.uleb128 0x18
 320 0049 9742     		.uleb128 0x2117
 321 004b 19       		.uleb128 0x19
 322 004c 01       		.uleb128 0x1
 323 004d 13       		.uleb128 0x13
 324 004e 00       		.byte	0
 325 004f 00       		.byte	0
 326 0050 06       		.uleb128 0x6
 327 0051 898201   		.uleb128 0x4109
 328 0054 00       		.byte	0
 329 0055 11       		.uleb128 0x11
 330 0056 01       		.uleb128 0x1
 331 0057 31       		.uleb128 0x31
 332 0058 13       		.uleb128 0x13
 333 0059 00       		.byte	0
 334 005a 00       		.byte	0
 335 005b 07       		.uleb128 0x7
 336 005c 2E       		.uleb128 0x2e
 337 005d 01       		.byte	0x1
 338 005e 3F       		.uleb128 0x3f
 339 005f 19       		.uleb128 0x19
 340 0060 03       		.uleb128 0x3
 341 0061 0E       		.uleb128 0xe
 342 0062 3A       		.uleb128 0x3a
 343 0063 0B       		.uleb128 0xb
 344 0064 3B       		.uleb128 0x3b
 345 0065 0B       		.uleb128 0xb
 346 0066 27       		.uleb128 0x27
 347 0067 19       		.uleb128 0x19
 348 0068 49       		.uleb128 0x49
 349 0069 13       		.uleb128 0x13
 350 006a 8701     		.uleb128 0x87
 351 006c 19       		.uleb128 0x19
 352 006d 11       		.uleb128 0x11
 353 006e 01       		.uleb128 0x1
 354 006f 12       		.uleb128 0x12
 355 0070 06       		.uleb128 0x6
 356 0071 40       		.uleb128 0x40
 357 0072 18       		.uleb128 0x18
 358 0073 9742     		.uleb128 0x2117
 359 0075 19       		.uleb128 0x19
 360 0076 01       		.uleb128 0x1
 361 0077 13       		.uleb128 0x13
 362 0078 00       		.byte	0
 363 0079 00       		.byte	0
 364 007a 08       		.uleb128 0x8
 365 007b 898201   		.uleb128 0x4109
 366 007e 01       		.byte	0x1
 367 007f 11       		.uleb128 0x11
 368 0080 01       		.uleb128 0x1
 369 0081 31       		.uleb128 0x31
 370 0082 13       		.uleb128 0x13
 371 0083 00       		.byte	0
ARM GAS  C:\Users\acer\AppData\Local\Temp\cc6TCYAa.s 			page 8


 372 0084 00       		.byte	0
 373 0085 09       		.uleb128 0x9
 374 0086 8A8201   		.uleb128 0x410a
 375 0089 00       		.byte	0
 376 008a 02       		.uleb128 0x2
 377 008b 18       		.uleb128 0x18
 378 008c 9142     		.uleb128 0x2111
 379 008e 18       		.uleb128 0x18
 380 008f 00       		.byte	0
 381 0090 00       		.byte	0
 382 0091 0A       		.uleb128 0xa
 383 0092 34       		.uleb128 0x34
 384 0093 00       		.byte	0
 385 0094 03       		.uleb128 0x3
 386 0095 0E       		.uleb128 0xe
 387 0096 3A       		.uleb128 0x3a
 388 0097 0B       		.uleb128 0xb
 389 0098 3B       		.uleb128 0x3b
 390 0099 05       		.uleb128 0x5
 391 009a 49       		.uleb128 0x49
 392 009b 13       		.uleb128 0x13
 393 009c 3F       		.uleb128 0x3f
 394 009d 19       		.uleb128 0x19
 395 009e 3C       		.uleb128 0x3c
 396 009f 19       		.uleb128 0x19
 397 00a0 00       		.byte	0
 398 00a1 00       		.byte	0
 399 00a2 0B       		.uleb128 0xb
 400 00a3 35       		.uleb128 0x35
 401 00a4 00       		.byte	0
 402 00a5 49       		.uleb128 0x49
 403 00a6 13       		.uleb128 0x13
 404 00a7 00       		.byte	0
 405 00a8 00       		.byte	0
 406 00a9 0C       		.uleb128 0xc
 407 00aa 2E       		.uleb128 0x2e
 408 00ab 00       		.byte	0
 409 00ac 3F       		.uleb128 0x3f
 410 00ad 19       		.uleb128 0x19
 411 00ae 3C       		.uleb128 0x3c
 412 00af 19       		.uleb128 0x19
 413 00b0 6E       		.uleb128 0x6e
 414 00b1 0E       		.uleb128 0xe
 415 00b2 03       		.uleb128 0x3
 416 00b3 0E       		.uleb128 0xe
 417 00b4 3A       		.uleb128 0x3a
 418 00b5 0B       		.uleb128 0xb
 419 00b6 3B       		.uleb128 0x3b
 420 00b7 0B       		.uleb128 0xb
 421 00b8 00       		.byte	0
 422 00b9 00       		.byte	0
 423 00ba 00       		.byte	0
 424              		.section	.debug_aranges,"",%progbits
 425 0000 24000000 		.4byte	0x24
 426 0004 0200     		.2byte	0x2
 427 0006 00000000 		.4byte	.Ldebug_info0
 428 000a 04       		.byte	0x4
ARM GAS  C:\Users\acer\AppData\Local\Temp\cc6TCYAa.s 			page 9


 429 000b 00       		.byte	0
 430 000c 0000     		.2byte	0
 431 000e 0000     		.2byte	0
 432 0010 00000000 		.4byte	.LFB63
 433 0014 10000000 		.4byte	.LFE63-.LFB63
 434 0018 00000000 		.4byte	.LFB64
 435 001c 10000000 		.4byte	.LFE64-.LFB64
 436 0020 00000000 		.4byte	0
 437 0024 00000000 		.4byte	0
 438              		.section	.debug_ranges,"",%progbits
 439              	.Ldebug_ranges0:
 440 0000 00000000 		.4byte	.LFB63
 441 0004 10000000 		.4byte	.LFE63
 442 0008 00000000 		.4byte	.LFB64
 443 000c 10000000 		.4byte	.LFE64
 444 0010 00000000 		.4byte	0
 445 0014 00000000 		.4byte	0
 446              		.section	.debug_line,"",%progbits
 447              	.Ldebug_line0:
 448 0000 86010000 		.section	.debug_str,"MS",%progbits,1
 448      02005E01 
 448      00000201 
 448      FB0E0D00 
 448      01010101 
 449              	.LASF6:
 450 0000 6C6F6E67 		.ascii	"long long int\000"
 450      206C6F6E 
 450      6720696E 
 450      7400
 451              	.LASF3:
 452 000e 73686F72 		.ascii	"short unsigned int\000"
 452      7420756E 
 452      7369676E 
 452      65642069 
 452      6E7400
 453              	.LASF8:
 454 0021 756E7369 		.ascii	"unsigned int\000"
 454      676E6564 
 454      20696E74 
 454      00
 455              	.LASF19:
 456 002e 4953525F 		.ascii	"ISR_Sw_StartEx\000"
 456      53775F53 
 456      74617274 
 456      457800
 457              	.LASF21:
 458 003d 6D61696E 		.ascii	"main.c\000"
 458      2E6300
 459              	.LASF23:
 460 0044 496E7465 		.ascii	"Interruptor\000"
 460      72727570 
 460      746F7200 
 461              	.LASF24:
 462 0050 6D61696E 		.ascii	"main\000"
 462      00
 463              	.LASF20:
 464 0055 474E5520 		.ascii	"GNU C11 5.4.1 20160609 (release) [ARM/embedded-5-br"
ARM GAS  C:\Users\acer\AppData\Local\Temp\cc6TCYAa.s 			page 10


 464      43313120 
 464      352E342E 
 464      31203230 
 464      31363036 
 465 0088 616E6368 		.ascii	"anch revision 237715] -mcpu=cortex-m3 -mthumb -g -O"
 465      20726576 
 465      6973696F 
 465      6E203233 
 465      37373135 
 466 00bb 67202D66 		.ascii	"g -ffunction-sections -ffat-lto-objects\000"
 466      66756E63 
 466      74696F6E 
 466      2D736563 
 466      74696F6E 
 467              	.LASF5:
 468 00e3 6C6F6E67 		.ascii	"long unsigned int\000"
 468      20756E73 
 468      69676E65 
 468      6420696E 
 468      7400
 469              	.LASF7:
 470 00f5 6C6F6E67 		.ascii	"long long unsigned int\000"
 470      206C6F6E 
 470      6720756E 
 470      7369676E 
 470      65642069 
 471              	.LASF22:
 472 010c 433A5C55 		.ascii	"C:\\Users\\acer\\Documents\\Embebidos\\Practica 2\\"
 472      73657273 
 472      5C616365 
 472      725C446F 
 472      63756D65 
 473 0139 30325F4C 		.ascii	"02_LCD\\Interrupciones.cydsn\000"
 473      43445C49 
 473      6E746572 
 473      72757063 
 473      696F6E65 
 474              	.LASF16:
 475 0155 4C65645F 		.ascii	"Led_0_Read\000"
 475      305F5265 
 475      616400
 476              	.LASF1:
 477 0160 756E7369 		.ascii	"unsigned char\000"
 477      676E6564 
 477      20636861 
 477      7200
 478              	.LASF13:
 479 016e 63686172 		.ascii	"char\000"
 479      00
 480              	.LASF4:
 481 0173 6C6F6E67 		.ascii	"long int\000"
 481      20696E74 
 481      00
 482              	.LASF12:
 483 017c 646F7562 		.ascii	"double\000"
 483      6C6500
 484              	.LASF25:
ARM GAS  C:\Users\acer\AppData\Local\Temp\cc6TCYAa.s 			page 11


 485 0183 49544D5F 		.ascii	"ITM_RxBuffer\000"
 485      52784275 
 485      66666572 
 485      00
 486              	.LASF0:
 487 0190 7369676E 		.ascii	"signed char\000"
 487      65642063 
 487      68617200 
 488              	.LASF15:
 489 019c 6C6F6E67 		.ascii	"long double\000"
 489      20646F75 
 489      626C6500 
 490              	.LASF9:
 491 01a8 5F5F696E 		.ascii	"__int32_t\000"
 491      7433325F 
 491      7400
 492              	.LASF11:
 493 01b2 666C6F61 		.ascii	"float\000"
 493      7400
 494              	.LASF18:
 495 01b8 53775F43 		.ascii	"Sw_ClearInterrupt\000"
 495      6C656172 
 495      496E7465 
 495      72727570 
 495      7400
 496              	.LASF2:
 497 01ca 73686F72 		.ascii	"short int\000"
 497      7420696E 
 497      7400
 498              	.LASF10:
 499 01d4 696E7433 		.ascii	"int32_t\000"
 499      325F7400 
 500              	.LASF14:
 501 01dc 73697A65 		.ascii	"sizetype\000"
 501      74797065 
 501      00
 502              	.LASF17:
 503 01e5 4C65645F 		.ascii	"Led_0_Write\000"
 503      305F5772 
 503      69746500 
 504              		.ident	"GCC: (GNU Tools for ARM Embedded Processors) 5.4.1 20160609 (release) [ARM/embedded-5-bran
